<?xml version="1.0" encoding="UTF-8" ?>
<testsuite failures="0" time="0.022" errors="0" skipped="0" tests="1" name="es.uniovi.asw.trivial.ExtractorTest">
  <properties>
    <property name="java.runtime.name" value="Java(TM) SE Runtime Environment"/>
    <property name="sun.boot.library.path" value="c:\compi\java\jre\bin"/>
    <property name="java.vm.version" value="23.5-b02"/>
    <property name="java.vm.vendor" value="Oracle Corporation"/>
    <property name="java.vendor.url" value="http://java.oracle.com/"/>
    <property name="path.separator" value=";"/>
    <property name="guice.disable.misplaced.annotation.check" value="true"/>
    <property name="java.vm.name" value="Java HotSpot(TM) 64-Bit Server VM"/>
    <property name="file.encoding.pkg" value="sun.io"/>
    <property name="user.script" value=""/>
    <property name="user.country" value="ES"/>
    <property name="sun.java.launcher" value="SUN_STANDARD"/>
    <property name="sun.os.patch.level" value="Service Pack 1"/>
    <property name="java.vm.specification.name" value="Java Virtual Machine Specification"/>
    <property name="user.dir" value="C:\cursos\asw\Trivial0"/>
    <property name="java.runtime.version" value="1.7.0_09-b05"/>
    <property name="java.awt.graphicsenv" value="sun.awt.Win32GraphicsEnvironment"/>
    <property name="java.endorsed.dirs" value="c:\compi\java\jre\lib\endorsed"/>
    <property name="os.arch" value="amd64"/>
    <property name="java.io.tmpdir" value="C:\Users\Labra\AppData\Local\Temp\"/>
    <property name="line.separator" value="
"/>
    <property name="java.vm.specification.vendor" value="Oracle Corporation"/>
    <property name="user.variant" value=""/>
    <property name="os.name" value="Windows 7"/>
    <property name="classworlds.conf" value="C:\semWeb\bin\apache-maven-3.2.5\bin\..\bin\m2.conf"/>
    <property name="sun.jnu.encoding" value="Cp1252"/>
    <property name="java.library.path" value="c:\compi\java\jre\bin;C:\windows\Sun\Java\bin;C:\windows\system32;C:\windows;C:\semWeb\bin\stardog-2.1.3\bin;C:\semWeb\bin\virtuoso-opensource\bin;C:\semWeb\bin\virtuoso-opensource\lib;C:\semWeb\bin\Heroku\bin;C:\semWeb\bin\apache-maven-3.2.5\bin;C:\semWeb\bin\Euler;C:\semWeb\bin\xmlFacil;C:\semWeb\bin\Git\bin;C:\semWeb\bin\Git\Cmd;C:\semWeb\bin\mongodb-win32-x86_64-2008plus-2.6.4\bin;C:\semWeb\bin\Graphviz\bin;C:\semWeb\bin\utils;C:\semWeb\bin\GnuWin32\bin;C:\windows\system32;C:\semWeb\bin\notepad++\;C:\semWeb\bin\ansicon\x64;C:\Program Files\Haskell\bin;C:\compi\haskell\2014.2.0.0\lib\extralibs\bin;C:\compi\haskell\2014.2.0.0\bin;C:\compi\Ruby200\bin;C:\compi\activator-1.2.3;c:\utils\bin;C:\Utils\Graphics\ImageMagick-6.8.9-Q16;C:\compi\play-2.1.4;c:\compi\java\bin;C:\Utils\develoer\findbugs-2.0.3\bin;c:\compi\python\Scripts;c:\compi\python;C:\utils\develoer\springRoo\spring-roo-1.2.3.RELEASE\bin;C:\Program Files\Common Files\Microsoft Shared\Windows Live;C:\Program Files (x86)\Common Files\Microsoft Shared\Windows Live;C:\Program Files (x86)\Intel\iCLS Client\;C:\Program Files\Intel\iCLS Client\;C:\windows\system32;C:\windows;C:\windows\System32\Wbem;C:\windows\System32\WindowsPowerShell\v1.0\;C:\Program Files\Intel\Intel(R) Management Engine Components\DAL;C:\Program Files\Intel\Intel(R) Management Engine Components\IPT;C:\Program Files (x86)\Intel\Intel(R) Management Engine Components\DAL;C:\Program Files (x86)\Intel\Intel(R) Management Engine Components\IPT;C:\Program Files (x86)\Intel\OpenCL SDK\2.0\bin\x86;C:\Program Files (x86)\Intel\OpenCL SDK\2.0\bin\x64;C:\Program Files\Intel\WiFi\bin\;C:\Program Files\Common Files\Intel\WirelessCommon\;C:\Program Files (x86)\Toshiba\Bluetooth Toshiba Stack\sys\;C:\Program Files (x86)\Toshiba\Bluetooth Toshiba Stack\sys\x64\;C:\Program Files (x86)\Windows Live\Shared;C:\Utils\miktex\miktex\bin\;C:\Program Files\TortoiseSVN\bin;C:\utils\develoer\Heroku\bin;C:\Program Files (x86)\ruby-1.9.2\bin;C:\Program Files (x86)\git\bin;C:\Program Files (x86)\git\cmd;C:\compi\perl\strawberry\c\bin;C:\compi\perl\strawberry\perl\site\bin;C:\compi\perl\strawberry\perl\bin;C:\Program Files\Calibre2\;C:\Utils\develoer\tortoiseHG\;C:\Utils\Editors\MD;C:\semWeb\bin\sbt\\bin;C:\Program Files (x86)\GTK2-Runtime\bin;C:\Utils\develoer\perforce;C:\Utils\cloud\vagrant\bin;C:\Utils\cloud\virtualBox;C:\compi\scala\bin;C:\Program Files\Haskell\bin;C:\compi\haskell\2014.2.0.0\lib\extralibs\bin;C:\compi\haskell\2014.2.0.0\bin;C:\compi\Ruby200\bin;C:\compi\activator-1.2.3;c:\utils\bin;C:\Utils\Graphics\ImageMagick-6.8.9-Q16;C:\compi\play-2.1.4;c:\compi\java\bin;C:\Utils\develoer\findbugs-2.0.3\bin;c:\compi\python\Scripts;c:\compi\python;C:\utils\develoer\springRoo\spring-roo-1.2.3.RELEASE\bin;C:\Program Files\Common Files\Microsoft Shared\Windows Live;C:\Program Files (x86)\Common Files\Microsoft Shared\Windows Live;C:\Program Files (x86)\Intel\iCLS Client\;C:\Program Files\Intel\iCLS Client\;C:\windows\system32;C:\windows;C:\windows\System32\Wbem;C:\windows\System32\WindowsPowerShell\v1.0\;C:\Program Files\Intel\Intel(R) Management Engine Components\DAL;C:\Program Files\Intel\Intel(R) Management Engine Components\IPT;C:\Program Files (x86)\Intel\Intel(R) Management Engine Components\DAL;C:\Program Files (x86)\Intel\Intel(R) Management Engine Components\IPT;C:\Program Files (x86)\Intel\OpenCL SDK\2.0\bin\x86;C:\Program Files (x86)\Intel\OpenCL SDK\2.0\bin\x64;C:\Program Files\Intel\WiFi\bin\;C:\Program Files\Common Files\Intel\WirelessCommon\;C:\Program Files (x86)\Toshiba\Bluetooth Toshiba Stack\sys\;C:\Program Files (x86)\Toshiba\Bluetooth Toshiba Stack\sys\x64\;C:\Program Files (x86)\Windows Live\Shared;C:\Utils\miktex\miktex\bin\;C:\Program Files\TortoiseSVN\bin;C:\utils\develoer\Heroku\bin;C:\Program Files (x86)\ruby-1.9.2\bin;C:\Program Files (x86)\git\bin;C:\Program Files (x86)\git\cmd;C:\compi\perl\strawberry\c\bin;C:\compi\perl\strawberry\perl\site\bin;C:\compi\perl\strawberry\perl\bin;C:\Program Files\Calibre2\;C:\Utils\develoer\tortoiseHG\;C:\Utils\Editors\MD;C:\semWeb\bin\sbt\\bin;C:\Program Files (x86)\GTK2-Runtime\bin;C:\Utils\develoer\perforce;C:\Utils\cloud\vagrant\bin;C:\Utils\cloud\virtualBox;C:\compi\scala\bin;C:\Program Files\Haskell\bin;C:\compi\haskell\2014.2.0.0\lib\extralibs\bin;C:\compi\haskell\2014.2.0.0\bin;C:\compi\Ruby200\bin;C:\compi\activator-1.2.3;c:\utils\bin;C:\Utils\Graphics\ImageMagick-6.8.9-Q16;C:\compi\play-2.1.4;c:\compi\java\bin;C:\Utils\develoer\findbugs-2.0.3\bin;c:\compi\python\Scripts;c:\compi\python;C:\utils\develoer\springRoo\spring-roo-1.2.3.RELEASE\bin;C:\Program Files\Common Files\M;C:\Users\Labra\AppData\Roaming\cabal\bin;C:\ProgramData\chocolatey\bin;C:\semWeb\bin\fop-1.0;C:\semWeb\bin\xampp\php;C:\semWeb\bin\jruby-1.7.3\bin;C:\semWeb\bin\Ruby200\bin;C:\semWeb\bin\RubyDevKit\bin;C:\semWeb\bin\scala\bin\bin;C:\semWeb\bin\sbt\bin;C:\semWeb\bin\apache-jena-2.11.0\bat;C:\semWeb\bin\protege_4.2;C:\semWeb\bin\shexcala\shexcala-0.1.9\bin;."/>
    <property name="java.specification.name" value="Java Platform API Specification"/>
    <property name="java.class.version" value="51.0"/>
    <property name="sun.management.compiler" value="HotSpot 64-Bit Tiered Compilers"/>
    <property name="os.version" value="6.1"/>
    <property name="user.home" value="C:\Users\Labra"/>
    <property name="user.timezone" value="Europe/Paris"/>
    <property name="java.awt.printerjob" value="sun.awt.windows.WPrinterJob"/>
    <property name="java.specification.version" value="1.7"/>
    <property name="file.encoding" value="Cp1252"/>
    <property name="user.name" value="Labra"/>
    <property name="java.class.path" value="C:\semWeb\bin\apache-maven-3.2.5\bin\..\boot\plexus-classworlds-2.5.2.jar"/>
    <property name="java.vm.specification.version" value="1.7"/>
    <property name="sun.arch.data.model" value="64"/>
    <property name="java.home" value="c:\compi\java\jre"/>
    <property name="sun.java.command" value="org.codehaus.plexus.classworlds.launcher.Launcher test"/>
    <property name="java.specification.vendor" value="Oracle Corporation"/>
    <property name="user.language" value="es"/>
    <property name="awt.toolkit" value="sun.awt.windows.WToolkit"/>
    <property name="java.vm.info" value="mixed mode"/>
    <property name="java.version" value="1.7.0_09"/>
    <property name="java.ext.dirs" value="c:\compi\java\jre\lib\ext;C:\windows\Sun\Java\lib\ext"/>
    <property name="sun.boot.class.path" value="c:\compi\java\jre\lib\resources.jar;c:\compi\java\jre\lib\rt.jar;c:\compi\java\jre\lib\sunrsasign.jar;c:\compi\java\jre\lib\jsse.jar;c:\compi\java\jre\lib\jce.jar;c:\compi\java\jre\lib\charsets.jar;c:\compi\java\jre\lib\jfr.jar;c:\compi\java\jre\classes"/>
    <property name="java.vendor" value="Oracle Corporation"/>
    <property name="maven.home" value="C:\semWeb\bin\apache-maven-3.2.5\bin\.."/>
    <property name="file.separator" value="\"/>
    <property name="java.vendor.url.bug" value="http://bugreport.sun.com/bugreport/"/>
    <property name="sun.cpu.endian" value="little"/>
    <property name="sun.io.unicode.encoding" value="UnicodeLittle"/>
    <property name="sun.desktop" value="windows"/>
    <property name="sun.cpu.isalist" value="amd64"/>
  </properties>
  <testcase time="0.022" classname="es.uniovi.asw.trivial.ExtractorTest" name="emptyExtractor"/>
</testsuite>